{"/Users/limpan/Documents/Vs code/projects/chas/chas-react/testJestVitest/sum.js": {"path":"/Users/limpan/Documents/Vs code/projects/chas/chas-react/testJestVitest/sum.js","statementMap":{"0":{"start":{"line":2,"column":4},"end":{"line":2,"column":17}},"1":{"start":{"line":4,"column":2},"end":{"line":4,"column":23}}},"fnMap":{"0":{"name":"sum","decl":{"start":{"line":1,"column":9},"end":{"line":1,"column":12}},"loc":{"start":{"line":1,"column":19},"end":{"line":3,"column":3}},"line":1}},"branchMap":{},"s":{"0":1,"1":1},"f":{"0":1},"b":{},"_coverageSchema":"1a1c01bbd47fc00a2c39e90264f33305004495a9","hash":"30199287c93f9d11c321c78210b28bdeec910638"}
}
